TN:
SF:C:\Users\DELL1\Desktop\Agile\Test-for-foodhub\app.js
FN:65,(anonymous_0)
FN:70,(anonymous_1)
FNF:2
FNH:0
FNDA:0,(anonymous_0)
FNDA:0,(anonymous_1)
DA:1,1
DA:2,1
DA:3,1
DA:4,1
DA:5,1
DA:8,1
DA:9,1
DA:11,1
DA:12,1
DA:13,1
DA:14,1
DA:15,1
DA:16,1
DA:17,1
DA:18,1
DA:19,1
DA:22,1
DA:23,1
DA:24,1
DA:25,1
DA:27,1
DA:28,1
DA:29,1
DA:30,1
DA:32,1
DA:33,1
DA:36,1
DA:37,1
DA:38,1
DA:39,1
DA:40,1
DA:42,1
DA:43,1
DA:44,1
DA:45,1
DA:46,1
DA:48,1
DA:49,1
DA:51,1
DA:52,1
DA:54,1
DA:55,1
DA:56,1
DA:57,1
DA:58,1
DA:60,1
DA:65,1
DA:66,0
DA:70,1
DA:72,0
DA:73,0
DA:76,0
DA:77,0
DA:80,1
LF:54
LH:49
BRDA:24,0,0,1
BRDA:24,0,1,0
BRDA:73,1,0,0
BRDA:73,1,1,0
BRDA:76,2,0,0
BRDA:76,2,1,0
BRF:6
BRH:1
end_of_record
TN:
SF:C:\Users\DELL1\Desktop\Agile\Test-for-foodhub\models\comment.js
FNF:0
FNH:0
DA:1,1
DA:2,1
DA:4,1
DA:13,1
LF:4
LH:4
BRF:0
BRH:0
end_of_record
TN:
SF:C:\Users\DELL1\Desktop\Agile\Test-for-foodhub\models\essay.js
FNF:0
FNH:0
DA:1,1
DA:3,1
DA:13,1
LF:3
LH:3
BRF:0
BRH:0
end_of_record
TN:
SF:C:\Users\DELL1\Desktop\Agile\Test-for-foodhub\models\foods.js
FNF:0
FNH:0
DA:1,1
DA:3,1
DA:13,1
LF:3
LH:3
BRF:0
BRH:0
end_of_record
TN:
SF:C:\Users\DELL1\Desktop\Agile\Test-for-foodhub\models\order.js
FNF:0
FNH:0
DA:1,1
DA:3,1
DA:15,1
LF:3
LH:3
BRF:0
BRH:0
end_of_record
TN:
SF:C:\Users\DELL1\Desktop\Agile\Test-for-foodhub\models\products.js
FNF:0
FNH:0
DA:1,1
DA:3,1
DA:11,1
LF:3
LH:3
BRF:0
BRH:0
end_of_record
TN:
SF:C:\Users\DELL1\Desktop\Agile\Test-for-foodhub\models\register.js
FNF:0
FNH:0
DA:1,1
DA:3,1
DA:12,1
LF:3
LH:3
BRF:0
BRH:0
end_of_record
TN:
SF:C:\Users\DELL1\Desktop\Agile\Test-for-foodhub\routes\comment.js
FN:12,(anonymous_0)
FN:16,(anonymous_1)
FN:21,(anonymous_2)
FN:31,(anonymous_3)
FN:38,(anonymous_4)
FN:43,(anonymous_5)
FNF:6
FNH:1
FNDA:0,(anonymous_0)
FNDA:1,(anonymous_1)
FNDA:0,(anonymous_2)
FNDA:0,(anonymous_3)
FNDA:0,(anonymous_4)
FNDA:0,(anonymous_5)
DA:1,1
DA:2,1
DA:3,1
DA:4,1
DA:5,1
DA:7,1
DA:8,1
DA:10,1
DA:12,1
DA:13,0
DA:16,1
DA:17,1
DA:21,1
DA:23,0
DA:25,0
DA:26,0
DA:32,0
DA:33,0
DA:35,0
DA:38,0
DA:39,0
DA:40,0
DA:42,0
DA:43,0
DA:44,0
DA:45,0
DA:47,0
DA:61,1
LF:28
LH:13
BRDA:32,0,0,0
BRDA:32,0,1,0
BRDA:39,1,0,0
BRDA:39,1,1,0
BRDA:44,2,0,0
BRDA:44,2,1,0
BRF:6
BRH:0
end_of_record
TN:
SF:C:\Users\DELL1\Desktop\Agile\Test-for-foodhub\routes\foods.js
FN:9,(anonymous_0)
FN:13,(anonymous_1)
FN:16,(anonymous_2)
FN:18,(anonymous_3)
FN:24,(anonymous_4)
FN:26,(anonymous_5)
FN:34,getByValue
FN:35,(anonymous_7)
FN:39,(anonymous_8)
FN:47,(anonymous_9)
FN:55,(anonymous_10)
FN:67,(anonymous_11)
FN:69,(anonymous_12)
FN:77,(anonymous_13)
FN:79,(anonymous_14)
FN:84,(anonymous_15)
FNF:16
FNH:12
FNDA:0,(anonymous_0)
FNDA:1,(anonymous_1)
FNDA:3,(anonymous_2)
FNDA:3,(anonymous_3)
FNDA:3,(anonymous_4)
FNDA:3,(anonymous_5)
FNDA:0,getByValue
FNDA:0,(anonymous_7)
FNDA:1,(anonymous_8)
FNDA:1,(anonymous_9)
FNDA:0,(anonymous_10)
FNDA:2,(anonymous_11)
FNDA:2,(anonymous_12)
FNDA:2,(anonymous_13)
FNDA:2,(anonymous_14)
FNDA:1,(anonymous_15)
DA:1,1
DA:2,1
DA:3,1
DA:4,1
DA:5,1
DA:6,1
DA:7,1
DA:8,1
DA:9,1
DA:10,0
DA:13,1
DA:14,1
DA:16,1
DA:17,3
DA:18,3
DA:19,3
DA:20,0
DA:21,3
DA:24,1
DA:25,3
DA:26,3
DA:27,3
DA:28,1
DA:30,2
DA:35,0
DA:36,0
DA:39,1
DA:41,1
DA:43,1
DA:44,1
DA:45,1
DA:46,1
DA:47,1
DA:48,1
DA:49,0
DA:51,1
DA:55,1
DA:56,0
DA:58,0
DA:59,0
DA:60,0
DA:63,0
DA:67,1
DA:69,2
DA:70,2
DA:71,1
DA:73,1
DA:77,1
DA:79,2
DA:80,2
DA:81,1
DA:83,1
DA:84,1
DA:85,1
DA:86,0
DA:88,1
DA:94,1
LF:57
LH:46
BRDA:19,0,0,0
BRDA:19,0,1,3
BRDA:27,1,0,1
BRDA:27,1,1,2
BRDA:36,2,0,0
BRDA:36,2,1,0
BRDA:48,3,0,0
BRDA:48,3,1,1
BRDA:58,4,0,0
BRDA:58,4,1,0
BRDA:70,5,0,1
BRDA:70,5,1,1
BRDA:80,6,0,1
BRDA:80,6,1,1
BRDA:85,7,0,0
BRDA:85,7,1,1
BRF:16
BRH:9
end_of_record
TN:
SF:C:\Users\DELL1\Desktop\Agile\Test-for-foodhub\routes\index.js
FN:5,(anonymous_0)
FNF:1
FNH:0
FNDA:0,(anonymous_0)
DA:1,1
DA:2,1
DA:5,1
DA:6,0
DA:10,1
LF:5
LH:4
BRF:0
BRH:0
end_of_record
TN:
SF:C:\Users\DELL1\Desktop\Agile\Test-for-foodhub\routes\log.js
FN:9,(anonymous_0)
FN:15,(anonymous_1)
FNF:2
FNH:2
FNDA:1,(anonymous_0)
FNDA:1,(anonymous_1)
DA:1,1
DA:2,1
DA:3,1
DA:4,1
DA:5,1
DA:6,1
DA:9,1
DA:11,1
DA:15,1
DA:16,1
DA:17,0
DA:19,1
DA:24,1
LF:13
LH:12
BRDA:16,0,0,0
BRDA:16,0,1,1
BRF:2
BRH:1
end_of_record
TN:
SF:C:\Users\DELL1\Desktop\Agile\Test-for-foodhub\routes\order.js
FN:11,(anonymous_0)
FN:15,(anonymous_1)
FN:20,(anonymous_2)
FN:29,(anonymous_3)
FN:33,(anonymous_4)
FNF:5
FNH:4
FNDA:0,(anonymous_0)
FNDA:1,(anonymous_1)
FNDA:1,(anonymous_2)
FNDA:1,(anonymous_3)
FNDA:1,(anonymous_4)
DA:1,1
DA:2,1
DA:3,1
DA:4,1
DA:5,1
DA:6,1
DA:7,1
DA:9,1
DA:11,1
DA:12,0
DA:15,1
DA:16,1
DA:20,1
DA:22,1
DA:24,1
DA:26,1
DA:27,1
DA:29,1
DA:30,1
DA:31,0
DA:33,1
DA:34,1
DA:35,0
DA:37,1
DA:50,1
LF:25
LH:22
BRDA:30,0,0,0
BRDA:30,0,1,1
BRDA:34,1,0,0
BRDA:34,1,1,1
BRF:4
BRH:2
end_of_record
TN:
SF:C:\Users\DELL1\Desktop\Agile\Test-for-foodhub\routes\products.js
FN:10,(anonymous_0)
FN:14,(anonymous_1)
FN:17,(anonymous_2)
FN:21,(anonymous_3)
FN:28,(anonymous_4)
FN:32,(anonymous_5)
FN:41,getByValue
FN:42,(anonymous_7)
FN:46,(anonymous_8)
FN:58,(anonymous_9)
FN:66,(anonymous_10)
FN:80,(anonymous_11)
FN:82,(anonymous_12)
FN:91,(anonymous_13)
FN:93,(anonymous_14)
FN:98,(anonymous_15)
FNF:16
FNH:12
FNDA:0,(anonymous_0)
FNDA:1,(anonymous_1)
FNDA:4,(anonymous_2)
FNDA:4,(anonymous_3)
FNDA:1,(anonymous_4)
FNDA:1,(anonymous_5)
FNDA:0,getByValue
FNDA:0,(anonymous_7)
FNDA:1,(anonymous_8)
FNDA:1,(anonymous_9)
FNDA:0,(anonymous_10)
FNDA:3,(anonymous_11)
FNDA:3,(anonymous_12)
FNDA:2,(anonymous_13)
FNDA:2,(anonymous_14)
FNDA:1,(anonymous_15)
DA:1,1
DA:2,1
DA:3,1
DA:4,1
DA:5,1
DA:6,1
DA:8,1
DA:10,1
DA:11,0
DA:14,1
DA:15,1
DA:17,1
DA:19,4
DA:21,4
DA:22,4
DA:23,0
DA:25,4
DA:28,1
DA:30,1
DA:32,1
DA:33,1
DA:34,0
DA:36,1
DA:42,0
DA:43,0
DA:46,1
DA:48,1
DA:50,1
DA:52,1
DA:53,1
DA:54,1
DA:55,1
DA:58,1
DA:59,1
DA:60,0
DA:62,1
DA:66,1
DA:69,0
DA:71,0
DA:72,0
DA:73,0
DA:76,0
DA:80,1
DA:82,3
DA:83,3
DA:84,2
DA:86,1
DA:91,1
DA:93,2
DA:94,2
DA:95,1
DA:97,1
DA:98,1
DA:99,1
DA:100,0
DA:102,1
DA:110,1
LF:57
LH:45
BRDA:22,0,0,0
BRDA:22,0,1,4
BRDA:33,1,0,0
BRDA:33,1,1,1
BRDA:43,2,0,0
BRDA:43,2,1,0
BRDA:59,3,0,0
BRDA:59,3,1,1
BRDA:71,4,0,0
BRDA:71,4,1,0
BRDA:83,5,0,2
BRDA:83,5,1,1
BRDA:94,6,0,1
BRDA:94,6,1,1
BRDA:99,7,0,0
BRDA:99,7,1,1
BRF:16
BRH:8
end_of_record
TN:
SF:C:\Users\DELL1\Desktop\Agile\Test-for-foodhub\routes\regist.js
FN:10,(anonymous_0)
FN:14,(anonymous_1)
FN:19,(anonymous_2)
FN:29,(anonymous_3)
FNF:4
FNH:3
FNDA:0,(anonymous_0)
FNDA:1,(anonymous_1)
FNDA:1,(anonymous_2)
FNDA:1,(anonymous_3)
DA:1,1
DA:2,1
DA:3,1
DA:4,1
DA:5,1
DA:6,1
DA:8,1
DA:10,1
DA:11,0
DA:14,1
DA:15,1
DA:19,1
DA:21,1
DA:23,1
DA:25,1
DA:26,1
DA:29,1
DA:30,1
DA:31,0
DA:33,1
DA:41,1
LF:21
LH:19
BRDA:30,0,0,0
BRDA:30,0,1,1
BRF:2
BRH:1
end_of_record
TN:
SF:C:\Users\DELL1\Desktop\Agile\Test-for-foodhub\routes\search.js
FN:9,(anonymous_0)
FN:12,(anonymous_1)
FNF:2
FNH:2
FNDA:1,(anonymous_0)
FNDA:1,(anonymous_1)
DA:1,1
DA:2,1
DA:3,1
DA:4,1
DA:5,1
DA:6,1
DA:9,1
DA:10,1
DA:11,1
DA:12,1
DA:13,1
DA:14,0
DA:16,1
DA:23,1
LF:14
LH:13
BRDA:13,0,0,0
BRDA:13,0,1,1
BRF:2
BRH:1
end_of_record
TN:
SF:C:\Users\DELL1\Desktop\Agile\Test-for-foodhub\routes\userEssay.js
FN:10,(anonymous_0)
FN:14,(anonymous_1)
FN:18,(anonymous_2)
FN:22,(anonymous_3)
FN:29,(anonymous_4)
FN:33,(anonymous_5)
FN:40,(anonymous_6)
FN:51,(anonymous_7)
FN:59,(anonymous_8)
FN:61,(anonymous_9)
FN:66,(anonymous_10)
FN:77,(anonymous_11)
FN:79,(anonymous_12)
FNF:13
FNH:12
FNDA:0,(anonymous_0)
FNDA:1,(anonymous_1)
FNDA:4,(anonymous_2)
FNDA:4,(anonymous_3)
FNDA:1,(anonymous_4)
FNDA:1,(anonymous_5)
FNDA:1,(anonymous_6)
FNDA:1,(anonymous_7)
FNDA:2,(anonymous_8)
FNDA:2,(anonymous_9)
FNDA:1,(anonymous_10)
FNDA:3,(anonymous_11)
FNDA:3,(anonymous_12)
DA:1,1
DA:2,1
DA:3,1
DA:4,1
DA:5,1
DA:6,1
DA:8,1
DA:10,1
DA:11,0
DA:14,1
DA:15,1
DA:18,1
DA:20,4
DA:22,4
DA:23,4
DA:24,0
DA:26,4
DA:29,1
DA:31,1
DA:33,1
DA:34,1
DA:35,0
DA:37,1
DA:40,1
DA:42,1
DA:44,1
DA:46,1
DA:47,1
DA:48,1
DA:49,1
DA:50,1
DA:51,1
DA:52,1
DA:53,0
DA:55,1
DA:59,1
DA:61,2
DA:62,2
DA:63,1
DA:65,1
DA:66,1
DA:67,1
DA:68,0
DA:70,1
DA:77,1
DA:79,3
DA:80,3
DA:81,2
DA:83,1
DA:89,1
LF:50
LH:45
BRDA:23,0,0,0
BRDA:23,0,1,4
BRDA:34,1,0,0
BRDA:34,1,1,1
BRDA:52,2,0,0
BRDA:52,2,1,1
BRDA:62,3,0,1
BRDA:62,3,1,1
BRDA:67,4,0,0
BRDA:67,4,1,1
BRDA:80,5,0,2
BRDA:80,5,1,1
BRF:12
BRH:8
end_of_record
TN:
SF:C:\Users\DELL1\Desktop\Agile\Test-for-foodhub\routes\users.js
FN:5,(anonymous_0)
FNF:1
FNH:0
FNDA:0,(anonymous_0)
DA:1,1
DA:2,1
DA:5,1
DA:6,0
DA:9,1
LF:5
LH:4
BRF:0
BRH:0
end_of_record
